Using pre-set license
Built from '2022.3/release' branch; Version is '2022.3.5f1 (9674261d40ee) revision 9860134'; Using compiler version '192829333'; Build Type 'Release'
OS: 'Windows 11  (10.0.22621) 64bit Professional' Language: 'zh' Physical Memory: 24438 MB
BatchMode: 1, IsHumanControllingUs: 0, StartBugReporterOnCrash: 0, Is64bit: 1, IsPro: 1

COMMAND LINE ARGUMENTS:
D:\Programs\Other\unity\2022.3.5f1\Editor\Unity.exe
-adb2
-batchMode
-noUpm
-name
AssetImportWorker0
-projectPath
C:/Users/29835/Documents/Plants vs. Zombies
-logFile
Logs/AssetImportWorker0.log
-srvPort
64377
Successfully changed project path to: C:/Users/29835/Documents/Plants vs. Zombies
C:/Users/29835/Documents/Plants vs. Zombies
[UnityMemory] Configuration Parameters - Can be set up in boot.config
    "memorysetup-bucket-allocator-granularity=16"
    "memorysetup-bucket-allocator-bucket-count=8"
    "memorysetup-bucket-allocator-block-size=33554432"
    "memorysetup-bucket-allocator-block-count=8"
    "memorysetup-main-allocator-block-size=16777216"
    "memorysetup-thread-allocator-block-size=16777216"
    "memorysetup-gfx-main-allocator-block-size=16777216"
    "memorysetup-gfx-thread-allocator-block-size=16777216"
    "memorysetup-cache-allocator-block-size=4194304"
    "memorysetup-typetree-allocator-block-size=2097152"
    "memorysetup-profiler-bucket-allocator-granularity=16"
    "memorysetup-profiler-bucket-allocator-bucket-count=8"
    "memorysetup-profiler-bucket-allocator-block-size=33554432"
    "memorysetup-profiler-bucket-allocator-block-count=8"
    "memorysetup-profiler-allocator-block-size=16777216"
    "memorysetup-profiler-editor-allocator-block-size=1048576"
    "memorysetup-temp-allocator-size-main=16777216"
    "memorysetup-job-temp-allocator-block-size=2097152"
    "memorysetup-job-temp-allocator-block-size-background=1048576"
    "memorysetup-job-temp-allocator-reduction-small-platforms=262144"
    "memorysetup-allocator-temp-initial-block-size-main=262144"
    "memorysetup-allocator-temp-initial-block-size-worker=262144"
    "memorysetup-temp-allocator-size-background-worker=32768"
    "memorysetup-temp-allocator-size-job-worker=262144"
    "memorysetup-temp-allocator-size-preload-manager=33554432"
    "memorysetup-temp-allocator-size-nav-mesh-worker=65536"
    "memorysetup-temp-allocator-size-audio-worker=65536"
    "memorysetup-temp-allocator-size-cloud-worker=32768"
    "memorysetup-temp-allocator-size-gi-baking-worker=262144"
    "memorysetup-temp-allocator-size-gfx=262144"
Player connection [45948] Host "[IP] 192.168.37.1 [Port] 0 [Flags] 2 [Guid] 416600663 [EditorId] 416600663 [Version] 1048832 [Id] WindowsEditor(7,老高的学术垃圾) [Debug] 1 [PackageName] WindowsEditor [ProjectName] Editor" joined multi-casting on [225.0.0.222:54997]...

Player connection [45948] Host "[IP] 192.168.37.1 [Port] 0 [Flags] 2 [Guid] 416600663 [EditorId] 416600663 [Version] 1048832 [Id] WindowsEditor(7,老高的学术垃圾) [Debug] 1 [PackageName] WindowsEditor [ProjectName] Editor" joined alternative multi-casting on [225.0.0.222:34997]...

Refreshing native plugins compatible for Editor in 15.64 ms, found 4 plugins.
Preloading 0 native plugins for Editor in 0.00 ms.
Initialize engine version: 2022.3.5f1 (9674261d40ee)
[Subsystems] Discovering subsystems at path D:/Programs/Other/unity/2022.3.5f1/Editor/Data/Resources/UnitySubsystems
[Subsystems] Discovering subsystems at path C:/Users/29835/Documents/Plants vs. Zombies/Assets
GfxDevice: creating device client; threaded=0; jobified=0
Direct3D:
    Version:  Direct3D 11.0 [level 11.1]
    Renderer: NVIDIA GeForce GTX 1660 SUPER (ID=0x21c4)
    Vendor:   NVIDIA
    VRAM:     5980 MB
    Driver:   31.0.15.3130
Initialize mono
Mono path[0] = 'D:/Programs/Other/unity/2022.3.5f1/Editor/Data/Managed'
Mono path[1] = 'D:/Programs/Other/unity/2022.3.5f1/Editor/Data/MonoBleedingEdge/lib/mono/unityjit-win32'
Mono config path = 'D:/Programs/Other/unity/2022.3.5f1/Editor/Data/MonoBleedingEdge/etc'
Using monoOptions --debugger-agent=transport=dt_socket,embedding=1,server=y,suspend=n,address=127.0.0.1:56956
Begin MonoManager ReloadAssembly
Registering precompiled unity dll's ...
Register platform support module: D:/Programs/Other/unity/2022.3.5f1/Editor/Data/PlaybackEngines/WebGLSupport/UnityEditor.WebGL.Extensions.dll
Register platform support module: D:/Programs/Other/unity/2022.3.5f1/Editor/Data/PlaybackEngines/MacStandaloneSupport/UnityEditor.OSXStandalone.Extensions.dll
Register platform support module: D:/Programs/Other/unity/2022.3.5f1/Editor/Data/PlaybackEngines/AndroidPlayer/UnityEditor.Android.Extensions.dll
Register platform support module: D:/Programs/Other/unity/2022.3.5f1/Editor/Data/PlaybackEngines/iOSSupport/UnityEditor.iOS.Extensions.dll
Register platform support module: D:/Programs/Other/unity/2022.3.5f1/Editor/Data/PlaybackEngines/AppleTVSupport/UnityEditor.AppleTV.Extensions.dll
Register platform support module: D:/Programs/Other/unity/2022.3.5f1/Editor/Data/PlaybackEngines/WindowsStandaloneSupport/UnityEditor.WindowsStandalone.Extensions.dll
Register platform support module: D:/Programs/Other/unity/2022.3.5f1/Editor/Data/PlaybackEngines/LinuxStandaloneSupport/UnityEditor.LinuxStandalone.Extensions.dll
Register platform support module: D:/Programs/Other/unity/2022.3.5f1/Editor/Data/PlaybackEngines/MetroSupport/UnityEditor.UWP.Extensions.dll
Registered in 0.008126 seconds.
- Loaded All Assemblies, in  0.420 seconds
Native extension for UWP target not found
Native extension for LinuxStandalone target not found
Native extension for WindowsStandalone target not found
[usbmuxd] Start listen thread
[usbmuxd] Listen thread started
Native extension for AppleTV target not found
[usbmuxd] Start listen thread
[usbmuxd] Listen thread started
Native extension for iOS target not found
Native extension for Android target not found
Android Extension - Scanning For ADB Devices 300 ms
Native extension for OSXStandalone target not found
Native extension for WebGL target not found
Mono: successfully reloaded assembly
- Finished resetting the current domain, in  0.728 seconds
Domain Reload Profiling: 1148ms
	BeginReloadAssembly (113ms)
		ExecutionOrderSort (0ms)
		DisableScriptedObjects (0ms)
		BackupInstance (0ms)
		ReleaseScriptingObjects (0ms)
		CreateAndSetChildDomain (1ms)
	RebuildCommonClasses (43ms)
	RebuildNativeTypeToScriptingClass (16ms)
	initialDomainReloadingComplete (59ms)
	LoadAllAssembliesAndSetupDomain (189ms)
		LoadAssemblies (114ms)
		RebuildTransferFunctionScriptingTraits (0ms)
		AnalyzeDomain (184ms)
			TypeCache.Refresh (183ms)
				TypeCache.ScanAssembly (166ms)
			ScanForSourceGeneratedMonoScriptInfo (0ms)
			ResolveRequiredComponents (0ms)
	FinalizeReload (729ms)
		ReleaseScriptCaches (0ms)
		RebuildScriptCaches (0ms)
		SetupLoadedEditorAssemblies (652ms)
			LogAssemblyErrors (0ms)
			InitializePlatformSupportModulesInManaged (471ms)
			SetLoadedEditorAssemblies (5ms)
			RefreshPlugins (0ms)
			BeforeProcessingInitializeOnLoad (3ms)
			ProcessInitializeOnLoadAttributes (115ms)
			ProcessInitializeOnLoadMethodAttributes (58ms)
			AfterProcessingInitializeOnLoad (0ms)
			EditorAssembliesLoaded (0ms)
		ExecutionOrderSort2 (0ms)
		AwakeInstancesAfterBackupRestoration (0ms)
========================================================================
Worker process is ready to serve import requests
Begin MonoManager ReloadAssembly
Symbol file LoadedFromMemory doesn't match image C:\Users\29835\Documents\Plants vs. Zombies\Library\PackageCache\com.unity.visualscripting@1.8.0\Editor\VisualScripting.Core\Dependencies\YamlDotNet\Unity.VisualScripting.YamlDotNet.dll
Symbol file LoadedFromMemory doesn't match image C:\Users\29835\Documents\Plants vs. Zombies\Library\PackageCache\com.unity.visualscripting@1.8.0\Editor\VisualScripting.Core\Dependencies\DotNetZip\Unity.VisualScripting.IonicZip.dll
- Loaded All Assemblies, in  0.870 seconds
Refreshing native plugins compatible for Editor in 5.56 ms, found 4 plugins.
Native extension for UWP target not found
Native extension for LinuxStandalone target not found
Native extension for WindowsStandalone target not found
Native extension for AppleTV target not found
Native extension for iOS target not found
Native extension for Android target not found
Native extension for OSXStandalone target not found
Native extension for WebGL target not found
Mono: successfully reloaded assembly
- Finished resetting the current domain, in  0.670 seconds
Domain Reload Profiling: 1537ms
	BeginReloadAssembly (148ms)
		ExecutionOrderSort (0ms)
		DisableScriptedObjects (7ms)
		BackupInstance (0ms)
		ReleaseScriptingObjects (0ms)
		CreateAndSetChildDomain (23ms)
	RebuildCommonClasses (48ms)
	RebuildNativeTypeToScriptingClass (13ms)
	initialDomainReloadingComplete (54ms)
	LoadAllAssembliesAndSetupDomain (604ms)
		LoadAssemblies (309ms)
		RebuildTransferFunctionScriptingTraits (0ms)
		AnalyzeDomain (371ms)
			TypeCache.Refresh (339ms)
				TypeCache.ScanAssembly (320ms)
			ScanForSourceGeneratedMonoScriptInfo (25ms)
			ResolveRequiredComponents (7ms)
	FinalizeReload (670ms)
		ReleaseScriptCaches (0ms)
		RebuildScriptCaches (0ms)
		SetupLoadedEditorAssemblies (449ms)
			LogAssemblyErrors (0ms)
			InitializePlatformSupportModulesInManaged (39ms)
			SetLoadedEditorAssemblies (5ms)
			RefreshPlugins (0ms)
			BeforeProcessingInitializeOnLoad (75ms)
			ProcessInitializeOnLoadAttributes (289ms)
			ProcessInitializeOnLoadMethodAttributes (40ms)
			AfterProcessingInitializeOnLoad (2ms)
			EditorAssembliesLoaded (0ms)
		ExecutionOrderSort2 (0ms)
		AwakeInstancesAfterBackupRestoration (7ms)
Launched and connected shader compiler UnityShaderCompiler.exe after 0.05 seconds
Refreshing native plugins compatible for Editor in 5.27 ms, found 4 plugins.
Preloading 0 native plugins for Editor in 0.00 ms.
Unloading 4031 Unused Serialized files (Serialized files now loaded: 0)
Unloading 64 unused Assets / (61.0 KB). Loaded Objects now: 4499.
Memory consumption went from 150.7 MB to 150.6 MB.
Total: 3.605200 ms (FindLiveObjects: 0.333400 ms CreateObjectMapping: 0.321300 ms MarkObjects: 2.827300 ms  DeleteObjects: 0.122200 ms)

AssetImportParameters requested are different than current active one (requested -> active):
  custom:container-demuxer-ogg: 62fdf1f143b41e24485cea50d1cbac27 -> 
  custom:video-decoder-ogg-theora: a1e56fd34408186e4bbccfd4996cb3dc -> 
  custom:framework-win-MediaFoundation: 216162199b28c13a410421893ffa2e32 -> 
  custom:CustomObjectIndexerAttribute: 756ad292c208cfabdd7b50bc23989ffe -> 
  custom:container-demuxer-webm: 4f35f7cbe854078d1ac9338744f61a02 -> 
  custom:container-muxer-webm: aa71ff27fc2769a1b78a27578f13a17b -> 
  custom:video-decoder-webm-vp8: 9c59270c3fd7afecdb556c50c9e8de78 -> 
  custom:AudioImporter_EditorPlatform: d09bf68614088b80899f8185d706f6e7 -> 
  custom:video-encoder-webm-vp8: eb34c28f22e8b96e1ab97ce403110664 -> 
  custom:audio-decoder-ogg-vorbis: bf7c407c2cedff20999df2af8eb42d56 -> 
  custom:audio-encoder-webm-vorbis: bf7c407c2cedff20999df2af8eb42d56 -> 
========================================================================
Received Import Request.
  Time since last request: 148859.615105 seconds.
  path: Assets/Images/Plants/WallNut/Wallnut_cracked2_2.png
  artifactKey: Guid(5ae30671d8fc64d4ab6142dba41b6728) Importer(815301076,1909f56bfc062723c751e8b465ee728b)
Start importing Assets/Images/Plants/WallNut/Wallnut_cracked2_2.png using Guid(5ae30671d8fc64d4ab6142dba41b6728) Importer(815301076,1909f56bfc062723c751e8b465ee728b)  -> (artifact id: '02f6c6478f475767656419eea7134e7a') in 0.095970 seconds
Number of updated asset objects reloaded before import = 0
Number of asset objects unloaded after import = 3
========================================================================
Received Import Request.
  Time since last request: 0.000025 seconds.
  path: Assets/Images/Plants/WallNut/Wallnut_cracked2_11.png
  artifactKey: Guid(4d719f49cd617344297bf2e018a0f903) Importer(815301076,1909f56bfc062723c751e8b465ee728b)
Start importing Assets/Images/Plants/WallNut/Wallnut_cracked2_11.png using Guid(4d719f49cd617344297bf2e018a0f903) Importer(815301076,1909f56bfc062723c751e8b465ee728b)  -> (artifact id: '0cb4e743bba43189a1e6cec5ac1eed1a') in 0.018448 seconds
Number of updated asset objects reloaded before import = 0
Number of asset objects unloaded after import = 3
========================================================================
Received Import Request.
  Time since last request: 0.000018 seconds.
  path: Assets/Images/Plants/WallNut/Wallnut_cracked1_8.png
  artifactKey: Guid(8a2488c7ef8944347a637c2fe999cab7) Importer(815301076,1909f56bfc062723c751e8b465ee728b)
Start importing Assets/Images/Plants/WallNut/Wallnut_cracked1_8.png using Guid(8a2488c7ef8944347a637c2fe999cab7) Importer(815301076,1909f56bfc062723c751e8b465ee728b)  -> (artifact id: '9fd626ae6a0ff5b781e95d24503a8f41') in 0.014218 seconds
Number of updated asset objects reloaded before import = 0
Number of asset objects unloaded after import = 3
========================================================================
Received Import Request.
  Time since last request: 0.000015 seconds.
  path: Assets/Images/Plants/WallNut/Wallnut_cracked1_1.png
  artifactKey: Guid(4cd32b35d5ded4844888af6a1f5f1418) Importer(815301076,1909f56bfc062723c751e8b465ee728b)
Start importing Assets/Images/Plants/WallNut/Wallnut_cracked1_1.png using Guid(4cd32b35d5ded4844888af6a1f5f1418) Importer(815301076,1909f56bfc062723c751e8b465ee728b)  -> (artifact id: 'a39894833342d0d1abdae880bea1ee35') in 0.017418 seconds
Number of updated asset objects reloaded before import = 0
Number of asset objects unloaded after import = 3
========================================================================
Received Import Request.
  Time since last request: 0.000046 seconds.
  path: Assets/Images/Plants/TwinSunflower/TwinSunflower_7.png
  artifactKey: Guid(ee2d0a41d9e64a747a4cee081279255d) Importer(815301076,1909f56bfc062723c751e8b465ee728b)
Start importing Assets/Images/Plants/TwinSunflower/TwinSunflower_7.png using Guid(ee2d0a41d9e64a747a4cee081279255d) Importer(815301076,1909f56bfc062723c751e8b465ee728b)  -> (artifact id: '4aa3795f985cf5bfbe34ff7d6a8c412b') in 0.016394 seconds
Number of updated asset objects reloaded before import = 0
Number of asset objects unloaded after import = 3
========================================================================
Received Import Request.
  Time since last request: 0.000018 seconds.
  path: Assets/Images/Plants/WallNut/Wallnut_cracked1_6.png
  artifactKey: Guid(e01a153f77b7ba24983a4a86f747fec9) Importer(815301076,1909f56bfc062723c751e8b465ee728b)
Start importing Assets/Images/Plants/WallNut/Wallnut_cracked1_6.png using Guid(e01a153f77b7ba24983a4a86f747fec9) Importer(815301076,1909f56bfc062723c751e8b465ee728b)  -> (artifact id: '3b7156b754ad271bd0f9b37426f76808') in 0.018681 seconds
Number of updated asset objects reloaded before import = 0
Number of asset objects unloaded after import = 3
========================================================================
Received Import Request.
  Time since last request: 0.000016 seconds.
  path: Assets/Images/Plants/TwinSunflower/TwinSunflower_2.png
  artifactKey: Guid(98e18fb6f1f4a634ab07fe638d5b696f) Importer(815301076,1909f56bfc062723c751e8b465ee728b)
Start importing Assets/Images/Plants/TwinSunflower/TwinSunflower_2.png using Guid(98e18fb6f1f4a634ab07fe638d5b696f) Importer(815301076,1909f56bfc062723c751e8b465ee728b)  -> (artifact id: 'bc843bd2a4cdd4ef550cedaa5ba02c4c') in 0.018334 seconds
Number of updated asset objects reloaded before import = 0
Number of asset objects unloaded after import = 3
========================================================================
Received Import Request.
  Time since last request: 0.000018 seconds.
  path: Assets/Images/Plants/WallNut/WallNut_8.png
  artifactKey: Guid(6c398abf79570d54b8d41accecc30c3f) Importer(815301076,1909f56bfc062723c751e8b465ee728b)
Start importing Assets/Images/Plants/WallNut/WallNut_8.png using Guid(6c398abf79570d54b8d41accecc30c3f) Importer(815301076,1909f56bfc062723c751e8b465ee728b)  -> (artifact id: 'ddbb542a719bb0c05ccefd1e59942910') in 0.015777 seconds
Number of updated asset objects reloaded before import = 0
Number of asset objects unloaded after import = 3
========================================================================
Received Import Request.
  Time since last request: 0.000018 seconds.
  path: Assets/Images/Plants/WallNut/Wallnut_cracked2_10.png
  artifactKey: Guid(875f5c9722cd585418a8acfa14fa29a3) Importer(815301076,1909f56bfc062723c751e8b465ee728b)
Start importing Assets/Images/Plants/WallNut/Wallnut_cracked2_10.png using Guid(875f5c9722cd585418a8acfa14fa29a3) Importer(815301076,1909f56bfc062723c751e8b465ee728b)  -> (artifact id: 'e8e10db52897166eb286017cfd3af18d') in 0.016657 seconds
Number of updated asset objects reloaded before import = 0
Number of asset objects unloaded after import = 3
========================================================================
Received Import Request.
  Time since last request: 0.000012 seconds.
  path: Assets/Images/Plants/TwinSunflower/TwinSunflower_8.png
  artifactKey: Guid(7666e631f06693b4ab342e9bd17f1106) Importer(815301076,1909f56bfc062723c751e8b465ee728b)
Start importing Assets/Images/Plants/TwinSunflower/TwinSunflower_8.png using Guid(7666e631f06693b4ab342e9bd17f1106) Importer(815301076,1909f56bfc062723c751e8b465ee728b)  -> (artifact id: 'b94c3c863c705da88cdb289e8823205a') in 0.016803 seconds
Number of updated asset objects reloaded before import = 0
Number of asset objects unloaded after import = 3
========================================================================
Received Import Request.
  Time since last request: 0.000013 seconds.
  path: Assets/Images/Plants/WallNut/Wallnut_cracked1_3.png
  artifactKey: Guid(638ca72e075523c48911ec6dbfdebaca) Importer(815301076,1909f56bfc062723c751e8b465ee728b)
Start importing Assets/Images/Plants/WallNut/Wallnut_cracked1_3.png using Guid(638ca72e075523c48911ec6dbfdebaca) Importer(815301076,1909f56bfc062723c751e8b465ee728b)  -> (artifact id: '1d676042efedaf23d3d3f91e6864717f') in 0.015480 seconds
Number of updated asset objects reloaded before import = 0
Number of asset objects unloaded after import = 3
========================================================================
Received Import Request.
  Time since last request: 0.000017 seconds.
  path: Assets/Images/Plants/TwinSunflower/TwinSunflower_9.png
  artifactKey: Guid(54a3f53fbd8381247838bf36e97f8fbe) Importer(815301076,1909f56bfc062723c751e8b465ee728b)
Start importing Assets/Images/Plants/TwinSunflower/TwinSunflower_9.png using Guid(54a3f53fbd8381247838bf36e97f8fbe) Importer(815301076,1909f56bfc062723c751e8b465ee728b)  -> (artifact id: '4ed151aea5b0f04c7e1ed1ae0c55a1ee') in 0.018652 seconds
Number of updated asset objects reloaded before import = 0
Number of asset objects unloaded after import = 3
========================================================================
Received Import Request.
  Time since last request: 0.000023 seconds.
  path: Assets/Images/Plants/TwinSunflower/TwinSunflower_11.png
  artifactKey: Guid(6dbd5a682d4810a41abc7c583cffc20a) Importer(815301076,1909f56bfc062723c751e8b465ee728b)
Start importing Assets/Images/Plants/TwinSunflower/TwinSunflower_11.png using Guid(6dbd5a682d4810a41abc7c583cffc20a) Importer(815301076,1909f56bfc062723c751e8b465ee728b)  -> (artifact id: 'bfb12a80ee7cea0fb9790b22f0bd9cdd') in 0.015106 seconds
Number of updated asset objects reloaded before import = 0
Number of asset objects unloaded after import = 3
========================================================================
Received Import Request.
  Time since last request: 0.000016 seconds.
  path: Assets/Images/Plants/WallNut/Wallnut_cracked1_9.png
  artifactKey: Guid(6681122f13da716469baee777524ff5a) Importer(815301076,1909f56bfc062723c751e8b465ee728b)
Start importing Assets/Images/Plants/WallNut/Wallnut_cracked1_9.png using Guid(6681122f13da716469baee777524ff5a) Importer(815301076,1909f56bfc062723c751e8b465ee728b)  -> (artifact id: 'a0bdfa57cfff95f9cfdb388ac8c4e295') in 0.014772 seconds
Number of updated asset objects reloaded before import = 0
Number of asset objects unloaded after import = 3
========================================================================
Received Import Request.
  Time since last request: 0.000020 seconds.
  path: Assets/Images/Plants/WallNut/Wallnut_cracked1_10.png
  artifactKey: Guid(6b6f92419645c8c428f9d60a0b40c210) Importer(815301076,1909f56bfc062723c751e8b465ee728b)
Start importing Assets/Images/Plants/WallNut/Wallnut_cracked1_10.png using Guid(6b6f92419645c8c428f9d60a0b40c210) Importer(815301076,1909f56bfc062723c751e8b465ee728b)  -> (artifact id: 'fa12ea0a0c885b5abb46f0e6104f4c63') in 0.015795 seconds
Number of updated asset objects reloaded before import = 0
Number of asset objects unloaded after import = 3
========================================================================
Received Import Request.
  Time since last request: 0.000013 seconds.
  path: Assets/Images/Plants/WallNut/Wallnut_cracked2_12.png
  artifactKey: Guid(5850682e8bba78c449436bcbea692472) Importer(815301076,1909f56bfc062723c751e8b465ee728b)
Start importing Assets/Images/Plants/WallNut/Wallnut_cracked2_12.png using Guid(5850682e8bba78c449436bcbea692472) Importer(815301076,1909f56bfc062723c751e8b465ee728b)  -> (artifact id: '13ae8bb3069bebda4b17d55f4edfe962') in 0.017078 seconds
Number of updated asset objects reloaded before import = 0
Number of asset objects unloaded after import = 3
========================================================================
Received Import Request.
  Time since last request: 0.000012 seconds.
  path: Assets/Images/Plants/WallNut/Wallnut_cracked2_14.png
  artifactKey: Guid(c1eefe0a308add54687871d841ea3bfc) Importer(815301076,1909f56bfc062723c751e8b465ee728b)
Start importing Assets/Images/Plants/WallNut/Wallnut_cracked2_14.png using Guid(c1eefe0a308add54687871d841ea3bfc) Importer(815301076,1909f56bfc062723c751e8b465ee728b)  -> (artifact id: '20e546f7b9518bae2902dd2cf6f0960d') in 0.016251 seconds
Number of updated asset objects reloaded before import = 0
Number of asset objects unloaded after import = 3
========================================================================
Received Import Request.
  Time since last request: 0.000013 seconds.
  path: Assets/Images/Plants/WallNut/Wallnut_cracked2_13.png
  artifactKey: Guid(a6bf24e4c2260114099e51fe4bf68b82) Importer(815301076,1909f56bfc062723c751e8b465ee728b)
Start importing Assets/Images/Plants/WallNut/Wallnut_cracked2_13.png using Guid(a6bf24e4c2260114099e51fe4bf68b82) Importer(815301076,1909f56bfc062723c751e8b465ee728b)  -> (artifact id: 'afa107a35e4cd3fdbe263a25260420f6') in 0.017074 seconds
Number of updated asset objects reloaded before import = 0
Number of asset objects unloaded after import = 3
========================================================================
Received Import Request.
  Time since last request: 0.000013 seconds.
  path: Assets/Images/Plants/WallNut/Wallnut_cracked2_6.png
  artifactKey: Guid(c324755d815f9434b8221bf44db8bf4d) Importer(815301076,1909f56bfc062723c751e8b465ee728b)
Start importing Assets/Images/Plants/WallNut/Wallnut_cracked2_6.png using Guid(c324755d815f9434b8221bf44db8bf4d) Importer(815301076,1909f56bfc062723c751e8b465ee728b)  -> (artifact id: '94fe1783d9ef8dcf9f699d1f43cffba6') in 0.015008 seconds
Number of updated asset objects reloaded before import = 0
Number of asset objects unloaded after import = 3
========================================================================
Received Import Request.
  Time since last request: 0.000018 seconds.
  path: Assets/Images/Plants/WallNut/WallNut_5.png
  artifactKey: Guid(cf5bd5022a5175c419d713a90693aa8c) Importer(815301076,1909f56bfc062723c751e8b465ee728b)
Start importing Assets/Images/Plants/WallNut/WallNut_5.png using Guid(cf5bd5022a5175c419d713a90693aa8c) Importer(815301076,1909f56bfc062723c751e8b465ee728b)  -> (artifact id: 'ec6e2dd13ca732a576dd29b7aef7b3c5') in 0.014125 seconds
Number of updated asset objects reloaded before import = 0
Number of asset objects unloaded after import = 3
========================================================================
Received Import Request.
  Time since last request: 0.000015 seconds.
  path: Assets/Images/Plants/WallNut/Wallnut_cracked1_5.png
  artifactKey: Guid(905067e595549e84bba2726d7165fe02) Importer(815301076,1909f56bfc062723c751e8b465ee728b)
Start importing Assets/Images/Plants/WallNut/Wallnut_cracked1_5.png using Guid(905067e595549e84bba2726d7165fe02) Importer(815301076,1909f56bfc062723c751e8b465ee728b)  -> (artifact id: '3ad3739da79f266b1bda0796dfe88155') in 0.019092 seconds
Number of updated asset objects reloaded before import = 0
Number of asset objects unloaded after import = 3
========================================================================
Received Import Request.
  Time since last request: 438.934574 seconds.
  path: Assets/Images/Plants/Jalapeno/Jalapeno_2.png
  artifactKey: Guid(67dbcf92004ddb14892bfa9ebd9cb7e5) Importer(815301076,1909f56bfc062723c751e8b465ee728b)
Start importing Assets/Images/Plants/Jalapeno/Jalapeno_2.png using Guid(67dbcf92004ddb14892bfa9ebd9cb7e5) Importer(815301076,1909f56bfc062723c751e8b465ee728b)  -> (artifact id: '60fd49ae49fa44944240f07134c1d6de') in 0.018962 seconds
Number of updated asset objects reloaded before import = 0
Number of asset objects unloaded after import = 3
========================================================================
Received Import Request.
  Time since last request: 0.000019 seconds.
  path: Assets/Images/Plants/Jalapeno/Jalapeno_5.png
  artifactKey: Guid(eecd6b4d4a7cba046ae8fdbf6ae829cb) Importer(815301076,1909f56bfc062723c751e8b465ee728b)
Start importing Assets/Images/Plants/Jalapeno/Jalapeno_5.png using Guid(eecd6b4d4a7cba046ae8fdbf6ae829cb) Importer(815301076,1909f56bfc062723c751e8b465ee728b)  -> (artifact id: '82544959143ebbb5a57c78a1c24f4f31') in 0.016978 seconds
Number of updated asset objects reloaded before import = 0
Number of asset objects unloaded after import = 3
========================================================================
Received Import Request.
  Time since last request: 0.000015 seconds.
  path: Assets/Images/Plants/Jalapeno/Jalapeno_7.png
  artifactKey: Guid(661aacc45b50ad94c9e94d8cc473706d) Importer(815301076,1909f56bfc062723c751e8b465ee728b)
Start importing Assets/Images/Plants/Jalapeno/Jalapeno_7.png using Guid(661aacc45b50ad94c9e94d8cc473706d) Importer(815301076,1909f56bfc062723c751e8b465ee728b)  -> (artifact id: '03ac8e9e41bc0cd6f3ba17bb3a715367') in 0.017393 seconds
Number of updated asset objects reloaded before import = 0
Number of asset objects unloaded after import = 3
========================================================================
Received Import Request.
  Time since last request: 0.000017 seconds.
  path: Assets/Images/Plants/Jalapeno/Jalapeno_8.png
  artifactKey: Guid(0700d2a352762374d96f6144c5a2164f) Importer(815301076,1909f56bfc062723c751e8b465ee728b)
Start importing Assets/Images/Plants/Jalapeno/Jalapeno_8.png using Guid(0700d2a352762374d96f6144c5a2164f) Importer(815301076,1909f56bfc062723c751e8b465ee728b)  -> (artifact id: '6ccd9fb620b1cb4d06e741b58ce5d14b') in 0.017089 seconds
Number of updated asset objects reloaded before import = 0
Number of asset objects unloaded after import = 3
========================================================================
Received Import Request.
  Time since last request: 0.446092 seconds.
  path: Assets/Images/Plants/GatlingPea/GatlingPea_2.png
  artifactKey: Guid(a28cdb27972a15b4080db080c018a8f7) Importer(815301076,1909f56bfc062723c751e8b465ee728b)
Start importing Assets/Images/Plants/GatlingPea/GatlingPea_2.png using Guid(a28cdb27972a15b4080db080c018a8f7) Importer(815301076,1909f56bfc062723c751e8b465ee728b)  -> (artifact id: 'e75de29d2b2cd091ea3f5217a1a2fb60') in 0.018990 seconds
Number of updated asset objects reloaded before import = 0
Number of asset objects unloaded after import = 3
========================================================================
Received Import Request.
  Time since last request: 0.000019 seconds.
  path: Assets/Images/Plants/GatlingPea/GatlingPea_3.png
  artifactKey: Guid(35b816c0201d2064aa8633a663a3551b) Importer(815301076,1909f56bfc062723c751e8b465ee728b)
Start importing Assets/Images/Plants/GatlingPea/GatlingPea_3.png using Guid(35b816c0201d2064aa8633a663a3551b) Importer(815301076,1909f56bfc062723c751e8b465ee728b)  -> (artifact id: '655fce958aae0d6964b630f595296c2b') in 0.018686 seconds
Number of updated asset objects reloaded before import = 0
Number of asset objects unloaded after import = 3
========================================================================
Received Import Request.
  Time since last request: 0.000021 seconds.
  path: Assets/Images/Plants/GatlingPea/GatlingPea_5.png
  artifactKey: Guid(8e6b13dd851f1a140bdb376af4faf268) Importer(815301076,1909f56bfc062723c751e8b465ee728b)
Start importing Assets/Images/Plants/GatlingPea/GatlingPea_5.png using Guid(8e6b13dd851f1a140bdb376af4faf268) Importer(815301076,1909f56bfc062723c751e8b465ee728b)  -> (artifact id: 'f35d85b502f22dd8c24229187c18861f') in 0.016611 seconds
Number of updated asset objects reloaded before import = 0
Number of asset objects unloaded after import = 3
========================================================================
Received Import Request.
  Time since last request: 0.000014 seconds.
  path: Assets/Images/Plants/GatlingPea/GatlingPea_12.png
  artifactKey: Guid(4ff8cd8fefa62af46be862a90a870660) Importer(815301076,1909f56bfc062723c751e8b465ee728b)
Start importing Assets/Images/Plants/GatlingPea/GatlingPea_12.png using Guid(4ff8cd8fefa62af46be862a90a870660) Importer(815301076,1909f56bfc062723c751e8b465ee728b)  -> (artifact id: '07926a807340d5812b676608d397cfed') in 0.018737 seconds
Number of updated asset objects reloaded before import = 0
Number of asset objects unloaded after import = 3
========================================================================
Received Import Request.
  Time since last request: 0.000027 seconds.
  path: Assets/Images/Plants/GatlingPea/GatlingPea_8.png
  artifactKey: Guid(6ac3e9bcbbd6a1842827562f8ac824a6) Importer(815301076,1909f56bfc062723c751e8b465ee728b)
Start importing Assets/Images/Plants/GatlingPea/GatlingPea_8.png using Guid(6ac3e9bcbbd6a1842827562f8ac824a6) Importer(815301076,1909f56bfc062723c751e8b465ee728b)  -> (artifact id: 'd9699f5a8cd13129f1a4d96b46e1eda9') in 0.018590 seconds
Number of updated asset objects reloaded before import = 0
Number of asset objects unloaded after import = 3
========================================================================
Received Import Request.
  Time since last request: 0.000022 seconds.
  path: Assets/Images/Plants/GatlingPea/GatlingPea_7.png
  artifactKey: Guid(66086271094c3b74fab8cb8de52ded23) Importer(815301076,1909f56bfc062723c751e8b465ee728b)
Start importing Assets/Images/Plants/GatlingPea/GatlingPea_7.png using Guid(66086271094c3b74fab8cb8de52ded23) Importer(815301076,1909f56bfc062723c751e8b465ee728b)  -> (artifact id: 'ed1a3f4c3f9049d44ce7ae1908499a1b') in 0.017564 seconds
Number of updated asset objects reloaded before import = 0
Number of asset objects unloaded after import = 3
========================================================================
Received Import Request.
  Time since last request: 1.093761 seconds.
  path: Assets/Images/Plants/Peashooter/Peashooter_2.png
  artifactKey: Guid(769261c5f0db5894d886b72f1504da12) Importer(815301076,1909f56bfc062723c751e8b465ee728b)
Start importing Assets/Images/Plants/Peashooter/Peashooter_2.png using Guid(769261c5f0db5894d886b72f1504da12) Importer(815301076,1909f56bfc062723c751e8b465ee728b)  -> (artifact id: '8cf24e731fc8f6f30f28325d7ef36a9c') in 0.018772 seconds
Number of updated asset objects reloaded before import = 0
Number of asset objects unloaded after import = 3
========================================================================
Received Import Request.
  Time since last request: 0.000017 seconds.
  path: Assets/Images/Plants/Peashooter/Peashooter_5.png
  artifactKey: Guid(3a9117c8e2c01024bb93699dc11a652c) Importer(815301076,1909f56bfc062723c751e8b465ee728b)
Start importing Assets/Images/Plants/Peashooter/Peashooter_5.png using Guid(3a9117c8e2c01024bb93699dc11a652c) Importer(815301076,1909f56bfc062723c751e8b465ee728b)  -> (artifact id: '6896d34a40d48bab5980a8b38f9fb079') in 0.015592 seconds
Number of updated asset objects reloaded before import = 0
Number of asset objects unloaded after import = 3
========================================================================
Received Import Request.
  Time since last request: 0.000016 seconds.
  path: Assets/Images/Plants/Peashooter/Peashooter_9.png
  artifactKey: Guid(bbf6e6319c8f8da4eb699df2daf51495) Importer(815301076,1909f56bfc062723c751e8b465ee728b)
Start importing Assets/Images/Plants/Peashooter/Peashooter_9.png using Guid(bbf6e6319c8f8da4eb699df2daf51495) Importer(815301076,1909f56bfc062723c751e8b465ee728b)  -> (artifact id: 'fa278a34fb985244f002df53c9396dbc') in 0.015785 seconds
Number of updated asset objects reloaded before import = 0
Number of asset objects unloaded after import = 3
========================================================================
Received Import Request.
  Time since last request: 0.000024 seconds.
  path: Assets/Images/Plants/Peashooter/Peashooter_11.png
  artifactKey: Guid(c29b2f85a3f11b24984cbc4adfe157dc) Importer(815301076,1909f56bfc062723c751e8b465ee728b)
Start importing Assets/Images/Plants/Peashooter/Peashooter_11.png using Guid(c29b2f85a3f11b24984cbc4adfe157dc) Importer(815301076,1909f56bfc062723c751e8b465ee728b)  -> (artifact id: 'eeb9883952abeff977081fccfae44373') in 0.019190 seconds
Number of updated asset objects reloaded before import = 0
Number of asset objects unloaded after import = 3
========================================================================
Received Import Request.
  Time since last request: 0.000015 seconds.
  path: Assets/Images/Plants/Peashooter/Peashooter_7.png
  artifactKey: Guid(51188b2c7d2795f479ddba3f9efb75e4) Importer(815301076,1909f56bfc062723c751e8b465ee728b)
Start importing Assets/Images/Plants/Peashooter/Peashooter_7.png using Guid(51188b2c7d2795f479ddba3f9efb75e4) Importer(815301076,1909f56bfc062723c751e8b465ee728b)  -> (artifact id: '4fb4925d71069a586cb51c3af8462d8c') in 0.016526 seconds
Number of updated asset objects reloaded before import = 0
Number of asset objects unloaded after import = 3
========================================================================
Received Import Request.
  Time since last request: 0.000016 seconds.
  path: Assets/Images/Plants/Peashooter/Peashooter_12.png
  artifactKey: Guid(6b04fbfc165bc3d4eb6e776b69981720) Importer(815301076,1909f56bfc062723c751e8b465ee728b)
Start importing Assets/Images/Plants/Peashooter/Peashooter_12.png using Guid(6b04fbfc165bc3d4eb6e776b69981720) Importer(815301076,1909f56bfc062723c751e8b465ee728b)  -> (artifact id: 'b3ff76dc2735ca83e35f143fe01d5057') in 0.017409 seconds
Number of updated asset objects reloaded before import = 0
Number of asset objects unloaded after import = 3
========================================================================
Received Import Request.
  Time since last request: 0.000026 seconds.
  path: Assets/Images/Plants/Peashooter/Peashooter_3.png
  artifactKey: Guid(668a0a47737407242ad254f8965c3a48) Importer(815301076,1909f56bfc062723c751e8b465ee728b)
Start importing Assets/Images/Plants/Peashooter/Peashooter_3.png using Guid(668a0a47737407242ad254f8965c3a48) Importer(815301076,1909f56bfc062723c751e8b465ee728b)  -> (artifact id: '4dd59811e18e403d51b409d5ed93d803') in 0.016223 seconds
Number of updated asset objects reloaded before import = 0
Number of asset objects unloaded after import = 3
========================================================================
Received Import Request.
  Time since last request: 0.430200 seconds.
  path: Assets/Images/Plants/PotatoMine/PotatoMine_2.png
  artifactKey: Guid(73ea290edf4ba1a4b994bbc6487777b4) Importer(815301076,1909f56bfc062723c751e8b465ee728b)
Start importing Assets/Images/Plants/PotatoMine/PotatoMine_2.png using Guid(73ea290edf4ba1a4b994bbc6487777b4) Importer(815301076,1909f56bfc062723c751e8b465ee728b)  -> (artifact id: '56444b3977d7ddce5966af638eb375d3') in 0.017261 seconds
Number of updated asset objects reloaded before import = 0
Number of asset objects unloaded after import = 3
========================================================================
Received Import Request.
  Time since last request: 0.000014 seconds.
  path: Assets/Images/Plants/PotatoMine/PotatoMine_5.png
  artifactKey: Guid(ba439d1fb70886c41bceee1d78ed3031) Importer(815301076,1909f56bfc062723c751e8b465ee728b)
Start importing Assets/Images/Plants/PotatoMine/PotatoMine_5.png using Guid(ba439d1fb70886c41bceee1d78ed3031) Importer(815301076,1909f56bfc062723c751e8b465ee728b)  -> (artifact id: '7c07a6bf309c03d067768c84c1c7a035') in 0.015890 seconds
Number of updated asset objects reloaded before import = 0
Number of asset objects unloaded after import = 3
========================================================================
Received Import Request.
  Time since last request: 0.000017 seconds.
  path: Assets/Images/Plants/PotatoMine/PotatoMine_8.png
  artifactKey: Guid(b665020fb45df6d45b44d88ee8022a7a) Importer(815301076,1909f56bfc062723c751e8b465ee728b)
Start importing Assets/Images/Plants/PotatoMine/PotatoMine_8.png using Guid(b665020fb45df6d45b44d88ee8022a7a) Importer(815301076,1909f56bfc062723c751e8b465ee728b)  -> (artifact id: '8ce0290965ced068a7cbe88b9f44d414') in 0.017179 seconds
Number of updated asset objects reloaded before import = 0
Number of asset objects unloaded after import = 3
========================================================================
Received Import Request.
  Time since last request: 0.000019 seconds.
  path: Assets/Images/Plants/PotatoMine/PotatoMine_6.png
  artifactKey: Guid(475b36d0d992df745a9b02a296f04b8e) Importer(815301076,1909f56bfc062723c751e8b465ee728b)
Start importing Assets/Images/Plants/PotatoMine/PotatoMine_6.png using Guid(475b36d0d992df745a9b02a296f04b8e) Importer(815301076,1909f56bfc062723c751e8b465ee728b)  -> (artifact id: '9e7a47d8aebff1f2135c4efaa94472b7') in 0.018447 seconds
Number of updated asset objects reloaded before import = 0
Number of asset objects unloaded after import = 3
========================================================================
Received Import Request.
  Time since last request: 0.000014 seconds.
  path: Assets/Images/Plants/PotatoMine/PotatoMineNotReady.gif
  artifactKey: Guid(c4fa3db50670a054c9b8af6796ab07f5) Importer(815301076,1909f56bfc062723c751e8b465ee728b)
Start importing Assets/Images/Plants/PotatoMine/PotatoMineNotReady.gif using Guid(c4fa3db50670a054c9b8af6796ab07f5) Importer(815301076,1909f56bfc062723c751e8b465ee728b)  -> (artifact id: 'f31e212189172312522b72140c4ca5fa') in 0.021307 seconds
Number of updated asset objects reloaded before import = 0
Number of asset objects unloaded after import = 3
========================================================================
Received Import Request.
  Time since last request: 7.780251 seconds.
  path: Assets/Images/Plants/Repeater/Repeater_2.png
  artifactKey: Guid(f6002d79b3f427149918ec4d230e7c85) Importer(815301076,1909f56bfc062723c751e8b465ee728b)
Start importing Assets/Images/Plants/Repeater/Repeater_2.png using Guid(f6002d79b3f427149918ec4d230e7c85) Importer(815301076,1909f56bfc062723c751e8b465ee728b)  -> (artifact id: 'f5bcf01e973b9f95202c1068ff471dd3') in 0.018917 seconds
Number of updated asset objects reloaded before import = 0
Number of asset objects unloaded after import = 3
========================================================================
Received Import Request.
  Time since last request: 0.000020 seconds.
  path: Assets/Images/Plants/Repeater/Repeater_5.png
  artifactKey: Guid(10ff7de204b70694ba5a4117c5f6d98d) Importer(815301076,1909f56bfc062723c751e8b465ee728b)
Start importing Assets/Images/Plants/Repeater/Repeater_5.png using Guid(10ff7de204b70694ba5a4117c5f6d98d) Importer(815301076,1909f56bfc062723c751e8b465ee728b)  -> (artifact id: '491e4260e17a41c514f50c3058a68b27') in 0.020092 seconds
Number of updated asset objects reloaded before import = 0
Number of asset objects unloaded after import = 3
========================================================================
Received Import Request.
  Time since last request: 0.000017 seconds.
  path: Assets/Images/Plants/Repeater/Repeater_8.png
  artifactKey: Guid(7ff1cabdcc74a724fa79b92c1dd18d3c) Importer(815301076,1909f56bfc062723c751e8b465ee728b)
Start importing Assets/Images/Plants/Repeater/Repeater_8.png using Guid(7ff1cabdcc74a724fa79b92c1dd18d3c) Importer(815301076,1909f56bfc062723c751e8b465ee728b)  -> (artifact id: '1eac2adb474a102b4298756d51768242') in 0.018941 seconds
Number of updated asset objects reloaded before import = 0
Number of asset objects unloaded after import = 3
========================================================================
Received Import Request.
  Time since last request: 0.000111 seconds.
  path: Assets/Images/Plants/Repeater/Repeater_12.png
  artifactKey: Guid(baa2f9a74b0cd2d4887389dd34e28094) Importer(815301076,1909f56bfc062723c751e8b465ee728b)
Start importing Assets/Images/Plants/Repeater/Repeater_12.png using Guid(baa2f9a74b0cd2d4887389dd34e28094) Importer(815301076,1909f56bfc062723c751e8b465ee728b)  -> (artifact id: '58a7026448168feb1a011c51ca468bb8') in 0.021244 seconds
Number of updated asset objects reloaded before import = 0
Number of asset objects unloaded after import = 3
========================================================================
Received Import Request.
  Time since last request: 0.000018 seconds.
  path: Assets/Images/Plants/Repeater/Repeater_11.png
  artifactKey: Guid(811266b4240f55549b8ed6031352a25d) Importer(815301076,1909f56bfc062723c751e8b465ee728b)
Start importing Assets/Images/Plants/Repeater/Repeater_11.png using Guid(811266b4240f55549b8ed6031352a25d) Importer(815301076,1909f56bfc062723c751e8b465ee728b)  -> (artifact id: '7f9e60f1ea06d426a1bf343ef0236b7c') in 0.019263 seconds
Number of updated asset objects reloaded before import = 0
Number of asset objects unloaded after import = 3
========================================================================
Received Import Request.
  Time since last request: 0.000015 seconds.
  path: Assets/Images/Plants/Repeater/Repeater_10.png
  artifactKey: Guid(d7186abf0bae27d4e8e957919b3536c6) Importer(815301076,1909f56bfc062723c751e8b465ee728b)
Start importing Assets/Images/Plants/Repeater/Repeater_10.png using Guid(d7186abf0bae27d4e8e957919b3536c6) Importer(815301076,1909f56bfc062723c751e8b465ee728b)  -> (artifact id: '2c9954b3fe76a71a793dc9e1adcb40af') in 0.017445 seconds
Number of updated asset objects reloaded before import = 0
Number of asset objects unloaded after import = 3
========================================================================
Received Import Request.
  Time since last request: 1.263826 seconds.
  path: Assets/Images/Plants/Squash/Squash_2.png
  artifactKey: Guid(b09ceebdc640dda4aa6a6288be9f30b3) Importer(815301076,1909f56bfc062723c751e8b465ee728b)
Start importing Assets/Images/Plants/Squash/Squash_2.png using Guid(b09ceebdc640dda4aa6a6288be9f30b3) Importer(815301076,1909f56bfc062723c751e8b465ee728b)  -> (artifact id: '43718a81ede132dfedb70c4294b869f5') in 0.020843 seconds
Number of updated asset objects reloaded before import = 0
Number of asset objects unloaded after import = 3
========================================================================
Received Import Request.
  Time since last request: 0.000015 seconds.
  path: Assets/Images/Plants/Squash/Squash_5.png
  artifactKey: Guid(0256dc940584c7648a6d71323a1f05bb) Importer(815301076,1909f56bfc062723c751e8b465ee728b)
Start importing Assets/Images/Plants/Squash/Squash_5.png using Guid(0256dc940584c7648a6d71323a1f05bb) Importer(815301076,1909f56bfc062723c751e8b465ee728b)  -> (artifact id: '7bc52b437c0672ffec5f5a3fbf657aae') in 0.018652 seconds
Number of updated asset objects reloaded before import = 0
Number of asset objects unloaded after import = 3
========================================================================
Received Import Request.
  Time since last request: 0.000219 seconds.
  path: Assets/Images/Plants/Squash/Squash_8.png
  artifactKey: Guid(7cd27ac6be15da94d9af622e0ec56897) Importer(815301076,1909f56bfc062723c751e8b465ee728b)
Start importing Assets/Images/Plants/Squash/Squash_8.png using Guid(7cd27ac6be15da94d9af622e0ec56897) Importer(815301076,1909f56bfc062723c751e8b465ee728b)  -> (artifact id: '3b8b6f008d552f227374991f38ff4277') in 0.019927 seconds
Number of updated asset objects reloaded before import = 0
Number of asset objects unloaded after import = 3
========================================================================
Received Import Request.
  Time since last request: 0.000016 seconds.
  path: Assets/Images/Plants/Squash/Squash_11.png
  artifactKey: Guid(af1eaa281fb748b45bbec13b6ee64348) Importer(815301076,1909f56bfc062723c751e8b465ee728b)
Start importing Assets/Images/Plants/Squash/Squash_11.png using Guid(af1eaa281fb748b45bbec13b6ee64348) Importer(815301076,1909f56bfc062723c751e8b465ee728b)  -> (artifact id: '6a729b87dbc61d54165217e346795bd1') in 0.020537 seconds
Number of updated asset objects reloaded before import = 0
Number of asset objects unloaded after import = 3
========================================================================
Received Import Request.
  Time since last request: 0.000020 seconds.
  path: Assets/Images/Plants/Squash/Squash_15.png
  artifactKey: Guid(6695caa8cb3f0ec499900fa2d4fe1d63) Importer(815301076,1909f56bfc062723c751e8b465ee728b)
Start importing Assets/Images/Plants/Squash/Squash_15.png using Guid(6695caa8cb3f0ec499900fa2d4fe1d63) Importer(815301076,1909f56bfc062723c751e8b465ee728b)  -> (artifact id: '13dddb20f74e6dc8ef2f99209040539c') in 0.018723 seconds
Number of updated asset objects reloaded before import = 0
Number of asset objects unloaded after import = 3
========================================================================
Received Import Request.
  Time since last request: 0.000020 seconds.
  path: Assets/Images/Plants/Squash/SquashAttack_1.png
  artifactKey: Guid(48e5ff2e833d3ab41bfb8c48ca5254a1) Importer(815301076,1909f56bfc062723c751e8b465ee728b)
Start importing Assets/Images/Plants/Squash/SquashAttack_1.png using Guid(48e5ff2e833d3ab41bfb8c48ca5254a1) Importer(815301076,1909f56bfc062723c751e8b465ee728b)  -> (artifact id: '1bfbfb4b7ee7375cdf07df9c831ea020') in 0.019738 seconds
Number of updated asset objects reloaded before import = 0
Number of asset objects unloaded after import = 3
========================================================================
Received Import Request.
  Time since last request: 0.000019 seconds.
  path: Assets/Images/Plants/Squash/SquashAttack_4.png
  artifactKey: Guid(02ccb10b09ef0c746a5a524fe4be1a9c) Importer(815301076,1909f56bfc062723c751e8b465ee728b)
Start importing Assets/Images/Plants/Squash/SquashAttack_4.png using Guid(02ccb10b09ef0c746a5a524fe4be1a9c) Importer(815301076,1909f56bfc062723c751e8b465ee728b)  -> (artifact id: '76a6a8f1f210f5d73e78175eeace0a92') in 0.022551 seconds
Number of updated asset objects reloaded before import = 0
Number of asset objects unloaded after import = 3
========================================================================
Received Import Request.
  Time since last request: 1.728465 seconds.
  path: Assets/Images/Plants/SunFlower/sunflower21.png
  artifactKey: Guid(3759939af2c4b764eacdd0f76d57db8f) Importer(815301076,1909f56bfc062723c751e8b465ee728b)
Start importing Assets/Images/Plants/SunFlower/sunflower21.png using Guid(3759939af2c4b764eacdd0f76d57db8f) Importer(815301076,1909f56bfc062723c751e8b465ee728b)  -> (artifact id: 'd7fc2dd3150f4b464b03cff631e355cb') in 0.020157 seconds
Number of updated asset objects reloaded before import = 0
Number of asset objects unloaded after import = 3
========================================================================
Received Import Request.
  Time since last request: 0.000018 seconds.
  path: Assets/Images/Plants/SunFlower/sunflower24.png
  artifactKey: Guid(f2d5c7810d2ca13428cae23c3d465d4b) Importer(815301076,1909f56bfc062723c751e8b465ee728b)
Start importing Assets/Images/Plants/SunFlower/sunflower24.png using Guid(f2d5c7810d2ca13428cae23c3d465d4b) Importer(815301076,1909f56bfc062723c751e8b465ee728b)  -> (artifact id: 'b5fbba2bd32ae9972b81fe0bd7602a80') in 0.020588 seconds
Number of updated asset objects reloaded before import = 0
Number of asset objects unloaded after import = 3
========================================================================
Received Import Request.
  Time since last request: 0.000021 seconds.
  path: Assets/Images/Plants/SunFlower/sunflower27.png
  artifactKey: Guid(b010af95f6867174e91ad014aa279178) Importer(815301076,1909f56bfc062723c751e8b465ee728b)
Start importing Assets/Images/Plants/SunFlower/sunflower27.png using Guid(b010af95f6867174e91ad014aa279178) Importer(815301076,1909f56bfc062723c751e8b465ee728b)  -> (artifact id: '708d24333f3dfdf5f3ae388be7966533') in 0.019215 seconds
Number of updated asset objects reloaded before import = 0
Number of asset objects unloaded after import = 3
========================================================================
Received Import Request.
  Time since last request: 0.000029 seconds.
  path: Assets/Images/Plants/SunFlower/sunflower29.png
  artifactKey: Guid(881ab1135f5e2484ca810b9574be8be4) Importer(815301076,1909f56bfc062723c751e8b465ee728b)
Start importing Assets/Images/Plants/SunFlower/sunflower29.png using Guid(881ab1135f5e2484ca810b9574be8be4) Importer(815301076,1909f56bfc062723c751e8b465ee728b)  -> (artifact id: '314db8c026a46a108dbfe197df6003a3') in 0.018515 seconds
Number of updated asset objects reloaded before import = 0
Number of asset objects unloaded after import = 3
========================================================================
Received Import Request.
  Time since last request: 0.000020 seconds.
  path: Assets/Images/Plants/SunFlower/sunflower215.png
  artifactKey: Guid(5839051ebf6765e4c96533e0fbfcd449) Importer(815301076,1909f56bfc062723c751e8b465ee728b)
Start importing Assets/Images/Plants/SunFlower/sunflower215.png using Guid(5839051ebf6765e4c96533e0fbfcd449) Importer(815301076,1909f56bfc062723c751e8b465ee728b)  -> (artifact id: '5ff8f0a0014db323a5546b71f4c51e6d') in 0.020181 seconds
Number of updated asset objects reloaded before import = 0
Number of asset objects unloaded after import = 3
========================================================================
Received Import Request.
  Time since last request: 0.000017 seconds.
  path: Assets/Images/Plants/SunFlower/sunflower217.png
  artifactKey: Guid(c16c9b0a619dd954d8d8d5cf3f6fd798) Importer(815301076,1909f56bfc062723c751e8b465ee728b)
Start importing Assets/Images/Plants/SunFlower/sunflower217.png using Guid(c16c9b0a619dd954d8d8d5cf3f6fd798) Importer(815301076,1909f56bfc062723c751e8b465ee728b)  -> (artifact id: '38aa5656e8c655e76737439efd7d0431') in 0.019614 seconds
Number of updated asset objects reloaded before import = 0
Number of asset objects unloaded after import = 3
========================================================================
Received Import Request.
  Time since last request: 0.000016 seconds.
  path: Assets/Images/Plants/SunFlower/SunFlower_7.png
  artifactKey: Guid(7acd18c944ee3024e83558156b6b9d24) Importer(815301076,1909f56bfc062723c751e8b465ee728b)
Start importing Assets/Images/Plants/SunFlower/SunFlower_7.png using Guid(7acd18c944ee3024e83558156b6b9d24) Importer(815301076,1909f56bfc062723c751e8b465ee728b)  -> (artifact id: '19fa7d1472bf84137fff506e8f6c8682') in 0.017108 seconds
Number of updated asset objects reloaded before import = 0
Number of asset objects unloaded after import = 3
========================================================================
Received Import Request.
  Time since last request: 0.000016 seconds.
  path: Assets/Images/Plants/SunFlower/SunFlower_10.png
  artifactKey: Guid(172419eac2d1c494dbbb8cb0b1d9c9d2) Importer(815301076,1909f56bfc062723c751e8b465ee728b)
Start importing Assets/Images/Plants/SunFlower/SunFlower_10.png using Guid(172419eac2d1c494dbbb8cb0b1d9c9d2) Importer(815301076,1909f56bfc062723c751e8b465ee728b)  -> (artifact id: 'c24b0c1750c2d085b36e31bb56d15c47') in 0.017869 seconds
Number of updated asset objects reloaded before import = 0
Number of asset objects unloaded after import = 3
========================================================================
Received Import Request.
  Time since last request: 0.000015 seconds.
  path: Assets/Images/Plants/SunFlower/SunFlower_4.png
  artifactKey: Guid(c3cc3cdf98887b74daeea6d9e7ebc608) Importer(815301076,1909f56bfc062723c751e8b465ee728b)
Start importing Assets/Images/Plants/SunFlower/SunFlower_4.png using Guid(c3cc3cdf98887b74daeea6d9e7ebc608) Importer(815301076,1909f56bfc062723c751e8b465ee728b)  -> (artifact id: '9c2a765c528b9fbaec3de1999e915a3f') in 0.017375 seconds
Number of updated asset objects reloaded before import = 0
Number of asset objects unloaded after import = 3
========================================================================
Received Import Request.
  Time since last request: 0.000015 seconds.
  path: Assets/Images/Plants/SunFlower/SunFlower_14.png
  artifactKey: Guid(204fb3ade34b43749b820f316b821d8a) Importer(815301076,1909f56bfc062723c751e8b465ee728b)
Start importing Assets/Images/Plants/SunFlower/SunFlower_14.png using Guid(204fb3ade34b43749b820f316b821d8a) Importer(815301076,1909f56bfc062723c751e8b465ee728b)  -> (artifact id: '6b7d1a6fe22beae07dfeba78e2b8e5a3') in 0.018157 seconds
Number of updated asset objects reloaded before import = 0
Number of asset objects unloaded after import = 3
========================================================================
Received Import Request.
  Time since last request: 0.000012 seconds.
  path: Assets/Images/Plants/SunFlower/SunFlower_6.png
  artifactKey: Guid(ec72a6d02b9026e4591802644f8697ce) Importer(815301076,1909f56bfc062723c751e8b465ee728b)
Start importing Assets/Images/Plants/SunFlower/SunFlower_6.png using Guid(ec72a6d02b9026e4591802644f8697ce) Importer(815301076,1909f56bfc062723c751e8b465ee728b)  -> (artifact id: 'f2f430b6cfdc00b1fe03337f13c15a69') in 0.018943 seconds
Number of updated asset objects reloaded before import = 0
Number of asset objects unloaded after import = 3
========================================================================
Received Import Request.
  Time since last request: 0.000020 seconds.
  path: Assets/Images/Plants/SunFlower/SunFlower_12.png
  artifactKey: Guid(19bf6c0866db91e4a9fb3877f48132b7) Importer(815301076,1909f56bfc062723c751e8b465ee728b)
Start importing Assets/Images/Plants/SunFlower/SunFlower_12.png using Guid(19bf6c0866db91e4a9fb3877f48132b7) Importer(815301076,1909f56bfc062723c751e8b465ee728b)  -> (artifact id: 'cba09480b895c3cb37e9dbdccc46a48a') in 0.018794 seconds
Number of updated asset objects reloaded before import = 0
Number of asset objects unloaded after import = 3
========================================================================
Received Import Request.
  Time since last request: 0.361338 seconds.
  path: Assets/Images/Plants/TallNut/TallNut_2.png
  artifactKey: Guid(1cae6e1814cc794459e2b5b76ab2b6ba) Importer(815301076,1909f56bfc062723c751e8b465ee728b)
Start importing Assets/Images/Plants/TallNut/TallNut_2.png using Guid(1cae6e1814cc794459e2b5b76ab2b6ba) Importer(815301076,1909f56bfc062723c751e8b465ee728b)  -> (artifact id: '9046f77f3373a417aadeebc9c0dc0dd5') in 0.019895 seconds
Number of updated asset objects reloaded before import = 0
Number of asset objects unloaded after import = 3
========================================================================
Received Import Request.
  Time since last request: 0.000018 seconds.
  path: Assets/Images/Plants/TallNut/TallNut_5.png
  artifactKey: Guid(883c38a9356b0df4489a6752ab1da515) Importer(815301076,1909f56bfc062723c751e8b465ee728b)
Start importing Assets/Images/Plants/TallNut/TallNut_5.png using Guid(883c38a9356b0df4489a6752ab1da515) Importer(815301076,1909f56bfc062723c751e8b465ee728b)  -> (artifact id: '0c7969b5dbe6667dffb58cc3dfdfdeb1') in 0.019185 seconds
Number of updated asset objects reloaded before import = 0
Number of asset objects unloaded after import = 3
========================================================================
Received Import Request.
  Time since last request: 0.000016 seconds.
  path: Assets/Images/Plants/TallNut/TallNut_9.png
  artifactKey: Guid(2e6af821d24bd714d844707b276e1b50) Importer(815301076,1909f56bfc062723c751e8b465ee728b)
Start importing Assets/Images/Plants/TallNut/TallNut_9.png using Guid(2e6af821d24bd714d844707b276e1b50) Importer(815301076,1909f56bfc062723c751e8b465ee728b)  -> (artifact id: 'f9ed64c73ad973f0c4cf1694fa3b5485') in 0.018189 seconds
Number of updated asset objects reloaded before import = 0
Number of asset objects unloaded after import = 3
========================================================================
Received Import Request.
  Time since last request: 0.000019 seconds.
  path: Assets/Images/Plants/TallNut/TallNut_12.png
  artifactKey: Guid(313d94a2d711b3c44bffa7a7489519a0) Importer(815301076,1909f56bfc062723c751e8b465ee728b)
Start importing Assets/Images/Plants/TallNut/TallNut_12.png using Guid(313d94a2d711b3c44bffa7a7489519a0) Importer(815301076,1909f56bfc062723c751e8b465ee728b)  -> (artifact id: '5ec28a354c9b976c6a92abc4bd5ce87f') in 0.016679 seconds
Number of updated asset objects reloaded before import = 0
Number of asset objects unloaded after import = 3
========================================================================
Received Import Request.
  Time since last request: 0.000019 seconds.
  path: Assets/Images/Plants/TallNut/TallNut_14.png
  artifactKey: Guid(9c0404d8729ca2843a2de320ba704d99) Importer(815301076,1909f56bfc062723c751e8b465ee728b)
Start importing Assets/Images/Plants/TallNut/TallNut_14.png using Guid(9c0404d8729ca2843a2de320ba704d99) Importer(815301076,1909f56bfc062723c751e8b465ee728b)  -> (artifact id: 'fbc11f202598a8d5d147161544788c85') in 0.016823 seconds
Number of updated asset objects reloaded before import = 0
Number of asset objects unloaded after import = 3
========================================================================
Received Import Request.
  Time since last request: 0.000031 seconds.
  path: Assets/Images/Plants/TallNut/TallnutCracked1_4.png
  artifactKey: Guid(f9d941b847c674647b8c41190d679693) Importer(815301076,1909f56bfc062723c751e8b465ee728b)
Start importing Assets/Images/Plants/TallNut/TallnutCracked1_4.png using Guid(f9d941b847c674647b8c41190d679693) Importer(815301076,1909f56bfc062723c751e8b465ee728b)  -> (artifact id: '0c2c2e442ac3b3fe31dc6d2eb4eb1aab') in 0.018133 seconds
Number of updated asset objects reloaded before import = 0
Number of asset objects unloaded after import = 3
========================================================================
Received Import Request.
  Time since last request: 0.000015 seconds.
  path: Assets/Images/Plants/TallNut/TallnutCracked1_6.png
  artifactKey: Guid(fb0e2fb22a51bf14485e7df3505ac577) Importer(815301076,1909f56bfc062723c751e8b465ee728b)
Start importing Assets/Images/Plants/TallNut/TallnutCracked1_6.png using Guid(fb0e2fb22a51bf14485e7df3505ac577) Importer(815301076,1909f56bfc062723c751e8b465ee728b)  -> (artifact id: '31fc81a29c5d553637ae9d837deb4605') in 0.016752 seconds
Number of updated asset objects reloaded before import = 0
Number of asset objects unloaded after import = 3
========================================================================
Received Import Request.
  Time since last request: 0.000015 seconds.
  path: Assets/Images/Plants/TallNut/TallnutCracked1_10.png
  artifactKey: Guid(60d135bbe38c0e74abb2f1b069d89439) Importer(815301076,1909f56bfc062723c751e8b465ee728b)
Start importing Assets/Images/Plants/TallNut/TallnutCracked1_10.png using Guid(60d135bbe38c0e74abb2f1b069d89439) Importer(815301076,1909f56bfc062723c751e8b465ee728b)  -> (artifact id: 'a64ad05587d2e523d9df05b01c3a7cc9') in 0.018053 seconds
Number of updated asset objects reloaded before import = 0
Number of asset objects unloaded after import = 3
========================================================================
Received Import Request.
  Time since last request: 0.000031 seconds.
  path: Assets/Images/Plants/TallNut/TallnutCracked1_13.png
  artifactKey: Guid(c995cbbed7d8974449c17adc4b3788b8) Importer(815301076,1909f56bfc062723c751e8b465ee728b)
Start importing Assets/Images/Plants/TallNut/TallnutCracked1_13.png using Guid(c995cbbed7d8974449c17adc4b3788b8) Importer(815301076,1909f56bfc062723c751e8b465ee728b)  -> (artifact id: '574ff1dad54f2d9283cbaa1601f4bb86') in 0.016027 seconds
Number of updated asset objects reloaded before import = 0
Number of asset objects unloaded after import = 3
========================================================================
Received Import Request.
  Time since last request: 0.000019 seconds.
  path: Assets/Images/Plants/TallNut/TallnutCracked2_4.png
  artifactKey: Guid(c0c00d0fd4f069d48869dd76dadb41f8) Importer(815301076,1909f56bfc062723c751e8b465ee728b)
Start importing Assets/Images/Plants/TallNut/TallnutCracked2_4.png using Guid(c0c00d0fd4f069d48869dd76dadb41f8) Importer(815301076,1909f56bfc062723c751e8b465ee728b)  -> (artifact id: '7c19492c016625e3e135da2c73180f99') in 0.016788 seconds
Number of updated asset objects reloaded before import = 0
Number of asset objects unloaded after import = 3
========================================================================
Received Import Request.
  Time since last request: 0.000021 seconds.
  path: Assets/Images/Plants/TallNut/TallnutCracked2_6.png
  artifactKey: Guid(c55b5544ed6c6af4fb039b568d28132b) Importer(815301076,1909f56bfc062723c751e8b465ee728b)
Start importing Assets/Images/Plants/TallNut/TallnutCracked2_6.png using Guid(c55b5544ed6c6af4fb039b568d28132b) Importer(815301076,1909f56bfc062723c751e8b465ee728b)  -> (artifact id: 'a9c2bd5b63eacbc83ee63bd4e49d7c86') in 0.019141 seconds
Number of updated asset objects reloaded before import = 0
Number of asset objects unloaded after import = 3
========================================================================
Received Import Request.
  Time since last request: 0.000016 seconds.
  path: Assets/Images/Plants/TallNut/TallnutCracked2_3.png
  artifactKey: Guid(d3c0005cbe733a64c8646c22ff27d473) Importer(815301076,1909f56bfc062723c751e8b465ee728b)
Start importing Assets/Images/Plants/TallNut/TallnutCracked2_3.png using Guid(d3c0005cbe733a64c8646c22ff27d473) Importer(815301076,1909f56bfc062723c751e8b465ee728b)  -> (artifact id: '7089d42daa23cb46f442b007db289e09') in 0.017446 seconds
Number of updated asset objects reloaded before import = 0
Number of asset objects unloaded after import = 3
========================================================================
Received Import Request.
  Time since last request: 0.000015 seconds.
  path: Assets/Images/Plants/TallNut/TallnutCracked2_9.png
  artifactKey: Guid(b6235cf3a2fb8f14698080b877ac4771) Importer(815301076,1909f56bfc062723c751e8b465ee728b)
Start importing Assets/Images/Plants/TallNut/TallnutCracked2_9.png using Guid(b6235cf3a2fb8f14698080b877ac4771) Importer(815301076,1909f56bfc062723c751e8b465ee728b)  -> (artifact id: 'd290af0b2dead8e174901489602fefa7') in 0.018000 seconds
Number of updated asset objects reloaded before import = 0
Number of asset objects unloaded after import = 3
Editor requested this worker to shutdown with reason: Scaling down because of idle timeout
TcpMessagingSession - receive error: operation aborted. errorcode: 995, details: 由于线程退出或应用程序请求，已中止 I/O 操作。
AssetImportWorker is now disconnected from the server
Process exiting
Exiting without the bug reporter. Application will terminate with return code 0