Using pre-set license
Built from '2022.3/release' branch; Version is '2022.3.5f1 (9674261d40ee) revision 9860134'; Using compiler version '192829333'; Build Type 'Release'
OS: 'Windows 11  (10.0.22621) 64bit Professional' Language: 'zh' Physical Memory: 24438 MB
BatchMode: 1, IsHumanControllingUs: 0, StartBugReporterOnCrash: 0, Is64bit: 1, IsPro: 1

COMMAND LINE ARGUMENTS:
D:\Programs\Other\unity\2022.3.5f1\Editor\Unity.exe
-adb2
-batchMode
-noUpm
-name
AssetImportWorker1
-projectPath
C:/Users/29835/Documents/Plants vs. Zombies
-logFile
Logs/AssetImportWorker1.log
-srvPort
64377
Successfully changed project path to: C:/Users/29835/Documents/Plants vs. Zombies
C:/Users/29835/Documents/Plants vs. Zombies
[UnityMemory] Configuration Parameters - Can be set up in boot.config
    "memorysetup-bucket-allocator-granularity=16"
    "memorysetup-bucket-allocator-bucket-count=8"
    "memorysetup-bucket-allocator-block-size=33554432"
    "memorysetup-bucket-allocator-block-count=8"
    "memorysetup-main-allocator-block-size=16777216"
    "memorysetup-thread-allocator-block-size=16777216"
    "memorysetup-gfx-main-allocator-block-size=16777216"
    "memorysetup-gfx-thread-allocator-block-size=16777216"
    "memorysetup-cache-allocator-block-size=4194304"
    "memorysetup-typetree-allocator-block-size=2097152"
    "memorysetup-profiler-bucket-allocator-granularity=16"
    "memorysetup-profiler-bucket-allocator-bucket-count=8"
    "memorysetup-profiler-bucket-allocator-block-size=33554432"
    "memorysetup-profiler-bucket-allocator-block-count=8"
    "memorysetup-profiler-allocator-block-size=16777216"
    "memorysetup-profiler-editor-allocator-block-size=1048576"
    "memorysetup-temp-allocator-size-main=16777216"
    "memorysetup-job-temp-allocator-block-size=2097152"
    "memorysetup-job-temp-allocator-block-size-background=1048576"
    "memorysetup-job-temp-allocator-reduction-small-platforms=262144"
    "memorysetup-allocator-temp-initial-block-size-main=262144"
    "memorysetup-allocator-temp-initial-block-size-worker=262144"
    "memorysetup-temp-allocator-size-background-worker=32768"
    "memorysetup-temp-allocator-size-job-worker=262144"
    "memorysetup-temp-allocator-size-preload-manager=33554432"
    "memorysetup-temp-allocator-size-nav-mesh-worker=65536"
    "memorysetup-temp-allocator-size-audio-worker=65536"
    "memorysetup-temp-allocator-size-cloud-worker=32768"
    "memorysetup-temp-allocator-size-gi-baking-worker=262144"
    "memorysetup-temp-allocator-size-gfx=262144"
Player connection [43624] Host "[IP] 192.168.37.1 [Port] 0 [Flags] 2 [Guid] 4089818941 [EditorId] 4089818941 [Version] 1048832 [Id] WindowsEditor(7,老高的学术垃圾) [Debug] 1 [PackageName] WindowsEditor [ProjectName] Editor" joined multi-casting on [225.0.0.222:54997]...

Player connection [43624] Host "[IP] 192.168.37.1 [Port] 0 [Flags] 2 [Guid] 4089818941 [EditorId] 4089818941 [Version] 1048832 [Id] WindowsEditor(7,老高的学术垃圾) [Debug] 1 [PackageName] WindowsEditor [ProjectName] Editor" joined alternative multi-casting on [225.0.0.222:34997]...

Refreshing native plugins compatible for Editor in 14.35 ms, found 4 plugins.
Preloading 0 native plugins for Editor in 0.00 ms.
Initialize engine version: 2022.3.5f1 (9674261d40ee)
[Subsystems] Discovering subsystems at path D:/Programs/Other/unity/2022.3.5f1/Editor/Data/Resources/UnitySubsystems
[Subsystems] Discovering subsystems at path C:/Users/29835/Documents/Plants vs. Zombies/Assets
GfxDevice: creating device client; threaded=0; jobified=0
Direct3D:
    Version:  Direct3D 11.0 [level 11.1]
    Renderer: NVIDIA GeForce GTX 1660 SUPER (ID=0x21c4)
    Vendor:   NVIDIA
    VRAM:     5980 MB
    Driver:   31.0.15.3130
Initialize mono
Mono path[0] = 'D:/Programs/Other/unity/2022.3.5f1/Editor/Data/Managed'
Mono path[1] = 'D:/Programs/Other/unity/2022.3.5f1/Editor/Data/MonoBleedingEdge/lib/mono/unityjit-win32'
Mono config path = 'D:/Programs/Other/unity/2022.3.5f1/Editor/Data/MonoBleedingEdge/etc'
Using monoOptions --debugger-agent=transport=dt_socket,embedding=1,server=y,suspend=n,address=127.0.0.1:56548
Begin MonoManager ReloadAssembly
Registering precompiled unity dll's ...
Register platform support module: D:/Programs/Other/unity/2022.3.5f1/Editor/Data/PlaybackEngines/WebGLSupport/UnityEditor.WebGL.Extensions.dll
Register platform support module: D:/Programs/Other/unity/2022.3.5f1/Editor/Data/PlaybackEngines/MacStandaloneSupport/UnityEditor.OSXStandalone.Extensions.dll
Register platform support module: D:/Programs/Other/unity/2022.3.5f1/Editor/Data/PlaybackEngines/AndroidPlayer/UnityEditor.Android.Extensions.dll
Register platform support module: D:/Programs/Other/unity/2022.3.5f1/Editor/Data/PlaybackEngines/iOSSupport/UnityEditor.iOS.Extensions.dll
Register platform support module: D:/Programs/Other/unity/2022.3.5f1/Editor/Data/PlaybackEngines/AppleTVSupport/UnityEditor.AppleTV.Extensions.dll
Register platform support module: D:/Programs/Other/unity/2022.3.5f1/Editor/Data/PlaybackEngines/WindowsStandaloneSupport/UnityEditor.WindowsStandalone.Extensions.dll
Register platform support module: D:/Programs/Other/unity/2022.3.5f1/Editor/Data/PlaybackEngines/LinuxStandaloneSupport/UnityEditor.LinuxStandalone.Extensions.dll
Register platform support module: D:/Programs/Other/unity/2022.3.5f1/Editor/Data/PlaybackEngines/MetroSupport/UnityEditor.UWP.Extensions.dll
Registered in 0.009229 seconds.
- Loaded All Assemblies, in  0.426 seconds
Native extension for UWP target not found
Native extension for LinuxStandalone target not found
Native extension for WindowsStandalone target not found
[usbmuxd] Start listen thread
[usbmuxd] Listen thread started
Native extension for AppleTV target not found
[usbmuxd] Start listen thread
[usbmuxd] Listen thread started
Native extension for iOS target not found
Native extension for Android target not found
Android Extension - Scanning For ADB Devices 300 ms
Native extension for OSXStandalone target not found
Native extension for WebGL target not found
Mono: successfully reloaded assembly
- Finished resetting the current domain, in  0.739 seconds
Domain Reload Profiling: 1166ms
	BeginReloadAssembly (106ms)
		ExecutionOrderSort (0ms)
		DisableScriptedObjects (0ms)
		BackupInstance (0ms)
		ReleaseScriptingObjects (0ms)
		CreateAndSetChildDomain (1ms)
	RebuildCommonClasses (49ms)
	RebuildNativeTypeToScriptingClass (15ms)
	initialDomainReloadingComplete (66ms)
	LoadAllAssembliesAndSetupDomain (191ms)
		LoadAssemblies (106ms)
		RebuildTransferFunctionScriptingTraits (0ms)
		AnalyzeDomain (187ms)
			TypeCache.Refresh (185ms)
				TypeCache.ScanAssembly (169ms)
			ScanForSourceGeneratedMonoScriptInfo (1ms)
			ResolveRequiredComponents (1ms)
	FinalizeReload (740ms)
		ReleaseScriptCaches (0ms)
		RebuildScriptCaches (0ms)
		SetupLoadedEditorAssemblies (671ms)
			LogAssemblyErrors (0ms)
			InitializePlatformSupportModulesInManaged (471ms)
			SetLoadedEditorAssemblies (5ms)
			RefreshPlugins (0ms)
			BeforeProcessingInitializeOnLoad (2ms)
			ProcessInitializeOnLoadAttributes (134ms)
			ProcessInitializeOnLoadMethodAttributes (59ms)
			AfterProcessingInitializeOnLoad (0ms)
			EditorAssembliesLoaded (0ms)
		ExecutionOrderSort2 (0ms)
		AwakeInstancesAfterBackupRestoration (0ms)
========================================================================
Worker process is ready to serve import requests
Begin MonoManager ReloadAssembly
Symbol file LoadedFromMemory doesn't match image C:\Users\29835\Documents\Plants vs. Zombies\Library\PackageCache\com.unity.visualscripting@1.8.0\Editor\VisualScripting.Core\Dependencies\YamlDotNet\Unity.VisualScripting.YamlDotNet.dll
Symbol file LoadedFromMemory doesn't match image C:\Users\29835\Documents\Plants vs. Zombies\Library\PackageCache\com.unity.visualscripting@1.8.0\Editor\VisualScripting.Core\Dependencies\DotNetZip\Unity.VisualScripting.IonicZip.dll
- Loaded All Assemblies, in  0.889 seconds
Refreshing native plugins compatible for Editor in 3.99 ms, found 4 plugins.
Native extension for UWP target not found
Native extension for LinuxStandalone target not found
Native extension for WindowsStandalone target not found
Native extension for AppleTV target not found
Native extension for iOS target not found
Native extension for Android target not found
Native extension for OSXStandalone target not found
Native extension for WebGL target not found
Mono: successfully reloaded assembly
- Finished resetting the current domain, in  0.672 seconds
Domain Reload Profiling: 1559ms
	BeginReloadAssembly (149ms)
		ExecutionOrderSort (0ms)
		DisableScriptedObjects (7ms)
		BackupInstance (0ms)
		ReleaseScriptingObjects (0ms)
		CreateAndSetChildDomain (23ms)
	RebuildCommonClasses (50ms)
	RebuildNativeTypeToScriptingClass (15ms)
	initialDomainReloadingComplete (54ms)
	LoadAllAssembliesAndSetupDomain (619ms)
		LoadAssemblies (305ms)
		RebuildTransferFunctionScriptingTraits (0ms)
		AnalyzeDomain (390ms)
			TypeCache.Refresh (354ms)
				TypeCache.ScanAssembly (337ms)
			ScanForSourceGeneratedMonoScriptInfo (29ms)
			ResolveRequiredComponents (7ms)
	FinalizeReload (672ms)
		ReleaseScriptCaches (0ms)
		RebuildScriptCaches (0ms)
		SetupLoadedEditorAssemblies (441ms)
			LogAssemblyErrors (0ms)
			InitializePlatformSupportModulesInManaged (41ms)
			SetLoadedEditorAssemblies (5ms)
			RefreshPlugins (0ms)
			BeforeProcessingInitializeOnLoad (70ms)
			ProcessInitializeOnLoadAttributes (281ms)
			ProcessInitializeOnLoadMethodAttributes (42ms)
			AfterProcessingInitializeOnLoad (2ms)
			EditorAssembliesLoaded (0ms)
		ExecutionOrderSort2 (0ms)
		AwakeInstancesAfterBackupRestoration (8ms)
Launched and connected shader compiler UnityShaderCompiler.exe after 0.04 seconds
Refreshing native plugins compatible for Editor in 4.97 ms, found 4 plugins.
Preloading 0 native plugins for Editor in 0.00 ms.
Unloading 4031 Unused Serialized files (Serialized files now loaded: 0)
Unloading 64 unused Assets / (61.0 KB). Loaded Objects now: 4499.
Memory consumption went from 150.7 MB to 150.7 MB.
Total: 3.644800 ms (FindLiveObjects: 0.353200 ms CreateObjectMapping: 0.314700 ms MarkObjects: 2.862800 ms  DeleteObjects: 0.113100 ms)

AssetImportParameters requested are different than current active one (requested -> active):
  custom:container-demuxer-ogg: 62fdf1f143b41e24485cea50d1cbac27 -> 
  custom:video-decoder-ogg-theora: a1e56fd34408186e4bbccfd4996cb3dc -> 
  custom:framework-win-MediaFoundation: 216162199b28c13a410421893ffa2e32 -> 
  custom:CustomObjectIndexerAttribute: 756ad292c208cfabdd7b50bc23989ffe -> 
  custom:container-demuxer-webm: 4f35f7cbe854078d1ac9338744f61a02 -> 
  custom:container-muxer-webm: aa71ff27fc2769a1b78a27578f13a17b -> 
  custom:video-decoder-webm-vp8: 9c59270c3fd7afecdb556c50c9e8de78 -> 
  custom:AudioImporter_EditorPlatform: d09bf68614088b80899f8185d706f6e7 -> 
  custom:video-encoder-webm-vp8: eb34c28f22e8b96e1ab97ce403110664 -> 
  custom:audio-decoder-ogg-vorbis: bf7c407c2cedff20999df2af8eb42d56 -> 
  custom:audio-encoder-webm-vorbis: bf7c407c2cedff20999df2af8eb42d56 -> 
========================================================================
Received Import Request.
  Time since last request: 148859.618634 seconds.
  path: Assets/Images/Plants/WallNut/Wallnut_cracked2_9.png
  artifactKey: Guid(ec8c36c4c04ada747ac058a62d7b2a59) Importer(815301076,1909f56bfc062723c751e8b465ee728b)
Start importing Assets/Images/Plants/WallNut/Wallnut_cracked2_9.png using Guid(ec8c36c4c04ada747ac058a62d7b2a59) Importer(815301076,1909f56bfc062723c751e8b465ee728b)  -> (artifact id: 'e6bdf93e4be540bbef2189a8561b881c') in 0.102090 seconds
Number of updated asset objects reloaded before import = 0
Number of asset objects unloaded after import = 3
========================================================================
Received Import Request.
  Time since last request: 0.000030 seconds.
  path: Assets/Images/Plants/TwinSunflower/TwinSunflower_18.png
  artifactKey: Guid(29989303562c1b847aced005c9b90356) Importer(815301076,1909f56bfc062723c751e8b465ee728b)
Start importing Assets/Images/Plants/TwinSunflower/TwinSunflower_18.png using Guid(29989303562c1b847aced005c9b90356) Importer(815301076,1909f56bfc062723c751e8b465ee728b)  -> (artifact id: 'c9ad8ecfaa40c5497632da4c6516373c') in 0.020414 seconds
Number of updated asset objects reloaded before import = 0
Number of asset objects unloaded after import = 3
========================================================================
Received Import Request.
  Time since last request: 0.000015 seconds.
  path: Assets/Images/Plants/WallNut/Wallnut_cracked2_3.png
  artifactKey: Guid(f6091ec181afb1a468c76a95f15296e3) Importer(815301076,1909f56bfc062723c751e8b465ee728b)
Start importing Assets/Images/Plants/WallNut/Wallnut_cracked2_3.png using Guid(f6091ec181afb1a468c76a95f15296e3) Importer(815301076,1909f56bfc062723c751e8b465ee728b)  -> (artifact id: '2e8487e8ce13b89fa348895746614226') in 0.016142 seconds
Number of updated asset objects reloaded before import = 0
Number of asset objects unloaded after import = 3
========================================================================
Received Import Request.
  Time since last request: 0.000015 seconds.
  path: Assets/Images/Plants/TwinSunflower/TwinSunflower_5.png
  artifactKey: Guid(8feccdcb459fe69439fb370c0054ae17) Importer(815301076,1909f56bfc062723c751e8b465ee728b)
Start importing Assets/Images/Plants/TwinSunflower/TwinSunflower_5.png using Guid(8feccdcb459fe69439fb370c0054ae17) Importer(815301076,1909f56bfc062723c751e8b465ee728b)  -> (artifact id: '26703af16270f86aa950df703429d297') in 0.017683 seconds
Number of updated asset objects reloaded before import = 0
Number of asset objects unloaded after import = 3
========================================================================
Received Import Request.
  Time since last request: 0.000019 seconds.
  path: Assets/Images/Plants/WallNut/WallNut_4.png
  artifactKey: Guid(6c8ec178b99d8e947923721fcd8ce9b2) Importer(815301076,1909f56bfc062723c751e8b465ee728b)
Start importing Assets/Images/Plants/WallNut/WallNut_4.png using Guid(6c8ec178b99d8e947923721fcd8ce9b2) Importer(815301076,1909f56bfc062723c751e8b465ee728b)  -> (artifact id: '848648840009aef0a1a403a6f0676304') in 0.017264 seconds
Number of updated asset objects reloaded before import = 0
Number of asset objects unloaded after import = 3
========================================================================
Received Import Request.
  Time since last request: 0.000015 seconds.
  path: Assets/Images/Plants/TwinSunflower/TwinSunflower_20.png
  artifactKey: Guid(01dc9a463c366d3439af7e33ce312bc9) Importer(815301076,1909f56bfc062723c751e8b465ee728b)
Start importing Assets/Images/Plants/TwinSunflower/TwinSunflower_20.png using Guid(01dc9a463c366d3439af7e33ce312bc9) Importer(815301076,1909f56bfc062723c751e8b465ee728b)  -> (artifact id: 'f7864bfe9146f6285b603a6044b5fe33') in 0.017176 seconds
Number of updated asset objects reloaded before import = 0
Number of asset objects unloaded after import = 3
========================================================================
Received Import Request.
  Time since last request: 0.000016 seconds.
  path: Assets/Images/Plants/WallNut/WallNut_12.png
  artifactKey: Guid(bfcb636dd5651614b8b85e8a2aea42ed) Importer(815301076,1909f56bfc062723c751e8b465ee728b)
Start importing Assets/Images/Plants/WallNut/WallNut_12.png using Guid(bfcb636dd5651614b8b85e8a2aea42ed) Importer(815301076,1909f56bfc062723c751e8b465ee728b)  -> (artifact id: 'd31908d308117f318c71fd34a5ceced3') in 0.017638 seconds
Number of updated asset objects reloaded before import = 0
Number of asset objects unloaded after import = 3
========================================================================
Received Import Request.
  Time since last request: 0.000017 seconds.
  path: Assets/Images/Plants/WallNut/Wallnut_cracked2_5.png
  artifactKey: Guid(6862c7a29db4d6447ab57428821166d2) Importer(815301076,1909f56bfc062723c751e8b465ee728b)
Start importing Assets/Images/Plants/WallNut/Wallnut_cracked2_5.png using Guid(6862c7a29db4d6447ab57428821166d2) Importer(815301076,1909f56bfc062723c751e8b465ee728b)  -> (artifact id: '7a821d67bd14b2a09ac0926e31b9bacc') in 0.015690 seconds
Number of updated asset objects reloaded before import = 0
Number of asset objects unloaded after import = 3
========================================================================
Received Import Request.
  Time since last request: 0.000015 seconds.
  path: Assets/Images/Plants/WallNut/Wallnut_cracked1_2.png
  artifactKey: Guid(f13629fe21b497d44981bb79e8527f54) Importer(815301076,1909f56bfc062723c751e8b465ee728b)
Start importing Assets/Images/Plants/WallNut/Wallnut_cracked1_2.png using Guid(f13629fe21b497d44981bb79e8527f54) Importer(815301076,1909f56bfc062723c751e8b465ee728b)  -> (artifact id: '7419de7d07ce12e5b649a228b3908dce') in 0.016702 seconds
Number of updated asset objects reloaded before import = 0
Number of asset objects unloaded after import = 3
========================================================================
Received Import Request.
  Time since last request: 0.000015 seconds.
  path: Assets/Images/Plants/TwinSunflower/TwinSunflower_13.png
  artifactKey: Guid(7d1e47d1b82be09418c280d4ff64d0ee) Importer(815301076,1909f56bfc062723c751e8b465ee728b)
Start importing Assets/Images/Plants/TwinSunflower/TwinSunflower_13.png using Guid(7d1e47d1b82be09418c280d4ff64d0ee) Importer(815301076,1909f56bfc062723c751e8b465ee728b)  -> (artifact id: 'c22d0691ff7c55246b7d8a3a25c64de9') in 0.017154 seconds
Number of updated asset objects reloaded before import = 0
Number of asset objects unloaded after import = 3
========================================================================
Received Import Request.
  Time since last request: 0.000015 seconds.
  path: Assets/Images/Plants/WallNut/WallNut_16.png
  artifactKey: Guid(ea849287464c6614bbc63c598c923e3e) Importer(815301076,1909f56bfc062723c751e8b465ee728b)
Start importing Assets/Images/Plants/WallNut/WallNut_16.png using Guid(ea849287464c6614bbc63c598c923e3e) Importer(815301076,1909f56bfc062723c751e8b465ee728b)  -> (artifact id: '64119d6f7870317e2fb6a2d348a698ce') in 0.017629 seconds
Number of updated asset objects reloaded before import = 0
Number of asset objects unloaded after import = 3
========================================================================
Received Import Request.
  Time since last request: 0.000015 seconds.
  path: Assets/Images/Plants/WallNut/Wallnut_cracked2_4.png
  artifactKey: Guid(bf9966f761aa72b4a909efa1079e0943) Importer(815301076,1909f56bfc062723c751e8b465ee728b)
Start importing Assets/Images/Plants/WallNut/Wallnut_cracked2_4.png using Guid(bf9966f761aa72b4a909efa1079e0943) Importer(815301076,1909f56bfc062723c751e8b465ee728b)  -> (artifact id: '8bd30a97e4177d087867ea948877a417') in 0.016382 seconds
Number of updated asset objects reloaded before import = 0
Number of asset objects unloaded after import = 3
========================================================================
Received Import Request.
  Time since last request: 0.000016 seconds.
  path: Assets/Images/Plants/WallNut/Wallnut_cracked2_8.png
  artifactKey: Guid(f93a17294b9840948aac8d67947995b1) Importer(815301076,1909f56bfc062723c751e8b465ee728b)
Start importing Assets/Images/Plants/WallNut/Wallnut_cracked2_8.png using Guid(f93a17294b9840948aac8d67947995b1) Importer(815301076,1909f56bfc062723c751e8b465ee728b)  -> (artifact id: '1129b445389ca5a416c05b9524086623') in 0.016440 seconds
Number of updated asset objects reloaded before import = 0
Number of asset objects unloaded after import = 3
========================================================================
Received Import Request.
  Time since last request: 0.000036 seconds.
  path: Assets/Images/Plants/TwinSunflower/TwinSunflower_1.png
  artifactKey: Guid(6ef35107bb845f34e9380995a2be966e) Importer(815301076,1909f56bfc062723c751e8b465ee728b)
Start importing Assets/Images/Plants/TwinSunflower/TwinSunflower_1.png using Guid(6ef35107bb845f34e9380995a2be966e) Importer(815301076,1909f56bfc062723c751e8b465ee728b)  -> (artifact id: '2e90ce608795367bad6174368dcfeb81') in 0.017645 seconds
Number of updated asset objects reloaded before import = 0
Number of asset objects unloaded after import = 3
========================================================================
Received Import Request.
  Time since last request: 0.000014 seconds.
  path: Assets/Images/Plants/WallNut/WallNut_1.png
  artifactKey: Guid(9581f23d6eda87040818952d5ed9d0a1) Importer(815301076,1909f56bfc062723c751e8b465ee728b)
Start importing Assets/Images/Plants/WallNut/WallNut_1.png using Guid(9581f23d6eda87040818952d5ed9d0a1) Importer(815301076,1909f56bfc062723c751e8b465ee728b)  -> (artifact id: 'a24ac7c60393ea0056d5aca9cc4fd08b') in 0.016129 seconds
Number of updated asset objects reloaded before import = 0
Number of asset objects unloaded after import = 3
========================================================================
Received Import Request.
  Time since last request: 0.000018 seconds.
  path: Assets/Images/Plants/WallNut/WallNut_2.png
  artifactKey: Guid(0e03d04859681b84692fccc901fdafc9) Importer(815301076,1909f56bfc062723c751e8b465ee728b)
Start importing Assets/Images/Plants/WallNut/WallNut_2.png using Guid(0e03d04859681b84692fccc901fdafc9) Importer(815301076,1909f56bfc062723c751e8b465ee728b)  -> (artifact id: 'eb967b010ee9e3e702e0136804e8358c') in 0.017298 seconds
Number of updated asset objects reloaded before import = 0
Number of asset objects unloaded after import = 3
========================================================================
Received Import Request.
  Time since last request: 0.000019 seconds.
  path: Assets/Images/Plants/WallNut/WallNut_11.png
  artifactKey: Guid(78e9ba6665a17684f88db083920e8572) Importer(815301076,1909f56bfc062723c751e8b465ee728b)
Start importing Assets/Images/Plants/WallNut/WallNut_11.png using Guid(78e9ba6665a17684f88db083920e8572) Importer(815301076,1909f56bfc062723c751e8b465ee728b)  -> (artifact id: 'c0f695a751148e1ef18c161c2425ed8c') in 0.016549 seconds
Number of updated asset objects reloaded before import = 0
Number of asset objects unloaded after import = 3
========================================================================
Received Import Request.
  Time since last request: 0.000015 seconds.
  path: Assets/Images/Plants/TwinSunflower/TwinSunflower_4.png
  artifactKey: Guid(984753a5f5bd87d47beb2d307109285a) Importer(815301076,1909f56bfc062723c751e8b465ee728b)
Start importing Assets/Images/Plants/TwinSunflower/TwinSunflower_4.png using Guid(984753a5f5bd87d47beb2d307109285a) Importer(815301076,1909f56bfc062723c751e8b465ee728b)  -> (artifact id: 'c02c57d98da0c8bca3fec27563a613c5') in 0.016442 seconds
Number of updated asset objects reloaded before import = 0
Number of asset objects unloaded after import = 3
========================================================================
Received Import Request.
  Time since last request: 0.000016 seconds.
  path: Assets/Images/Plants/WallNut/Wallnut_cracked1_7.png
  artifactKey: Guid(8344e5e956cca7749bd69f8f81cc78d2) Importer(815301076,1909f56bfc062723c751e8b465ee728b)
Start importing Assets/Images/Plants/WallNut/Wallnut_cracked1_7.png using Guid(8344e5e956cca7749bd69f8f81cc78d2) Importer(815301076,1909f56bfc062723c751e8b465ee728b)  -> (artifact id: '43a9bfbf777fda09a15e40ab6fb71ebb') in 0.016082 seconds
Number of updated asset objects reloaded before import = 0
Number of asset objects unloaded after import = 3
========================================================================
Received Import Request.
  Time since last request: 0.000014 seconds.
  path: Assets/Images/Plants/TwinSunflower/TwinSunflower_6.png
  artifactKey: Guid(743432ac9433d8348bf68c71d1b25a58) Importer(815301076,1909f56bfc062723c751e8b465ee728b)
Start importing Assets/Images/Plants/TwinSunflower/TwinSunflower_6.png using Guid(743432ac9433d8348bf68c71d1b25a58) Importer(815301076,1909f56bfc062723c751e8b465ee728b)  -> (artifact id: 'eb57a444e4c32039d0aaeb9f0bfa4f78') in 0.017152 seconds
Number of updated asset objects reloaded before import = 0
Number of asset objects unloaded after import = 3
Editor requested this worker to shutdown with reason: Scaling down because of idle timeout
TcpMessagingSession - receive error: operation aborted. errorcode: 995, details: 由于线程退出或应用程序请求，已中止 I/O 操作。
AssetImportWorker is now disconnected from the server
Process exiting
Exiting without the bug reporter. Application will terminate with return code 0